DEPRECATION WARNING: ActiveRecord::Base.raise_in_transactional_callbacks= is deprecated, has no effect and will be removed without replacement. (called from load at /Users/jdavid/.gem/ruby/2.3.3/bin/rake:22)
  [1m[35m (14.5ms)[0m  [1m[35mCREATE TABLE "schema_migrations" ("version" character varying PRIMARY KEY)[0m
  [1m[35m (21.6ms)[0m  [1m[35mCREATE TABLE "ar_internal_metadata" ("key" character varying PRIMARY KEY, "value" character varying, "created_at" timestamp NOT NULL, "updated_at" timestamp NOT NULL)[0m
  [1m[35m (0.9ms)[0m  [1m[34mSELECT pg_try_advisory_lock(5170893669298709835);[0m
  [1m[36mActiveRecord::SchemaMigration Load (1.1ms)[0m  [1m[34mSELECT "schema_migrations".* FROM "schema_migrations"[0m
  [1m[36mActiveRecord::InternalMetadata Load (1.2ms)[0m  [1m[34mSELECT  "ar_internal_metadata".* FROM "ar_internal_metadata" WHERE "ar_internal_metadata"."key" = $1 LIMIT $2[0m  [["key", :environment], ["LIMIT", 1]]
  [1m[35m (0.4ms)[0m  [1m[35mBEGIN[0m
  [1m[35mSQL (1.0ms)[0m  [1m[32mINSERT INTO "ar_internal_metadata" ("key", "value", "created_at", "updated_at") VALUES ($1, $2, $3, $4) RETURNING "key"[0m  [["key", "environment"], ["value", "development"], ["created_at", 2018-03-08 18:28:39 UTC], ["updated_at", 2018-03-08 18:28:39 UTC]]
  [1m[35m (6.3ms)[0m  [1m[35mCOMMIT[0m
  [1m[35m (0.7ms)[0m  [1m[34mSELECT pg_advisory_unlock(5170893669298709835)[0m
  [1m[36mActiveRecord::SchemaMigration Load (0.6ms)[0m  [1m[34mSELECT "schema_migrations".* FROM "schema_migrations"[0m
  [1m[36mActiveRecord::SchemaMigration Load (2.0ms)[0m  [1m[34mSELECT "schema_migrations".* FROM "schema_migrations"[0m
  [1m[36mActiveRecord::SchemaMigration Load (0.4ms)[0m  [1m[34mSELECT "schema_migrations".* FROM "schema_migrations"[0m
  [1m[35m (225.1ms)[0m  [1m[35mDROP DATABASE IF EXISTS "gallery-reviews_development"[0m
  [1m[35m (245.8ms)[0m  [1m[35mDROP DATABASE IF EXISTS "gallery-reviews_test"[0m
  [1m[35m (200.3ms)[0m  [1m[35mDROP DATABASE IF EXISTS "gallery-reviews_development"[0m
  [1m[35m (202.4ms)[0m  [1m[35mDROP DATABASE IF EXISTS "gallery-reviews_test"[0m
  [1m[35m (25.3ms)[0m  [1m[35mCREATE TABLE "schema_migrations" ("version" character varying PRIMARY KEY)[0m
  [1m[35m (25.0ms)[0m  [1m[35mCREATE TABLE "ar_internal_metadata" ("key" character varying PRIMARY KEY, "value" character varying, "created_at" timestamp NOT NULL, "updated_at" timestamp NOT NULL)[0m
  [1m[35m (9.3ms)[0m  [1m[34mSELECT pg_try_advisory_lock(5170893669298709835);[0m
  [1m[36mActiveRecord::SchemaMigration Load (0.8ms)[0m  [1m[34mSELECT "schema_migrations".* FROM "schema_migrations"[0m
Migrating to CreateGalleries (20180308201406)
  [1m[35m (0.4ms)[0m  [1m[35mBEGIN[0m
  [1m[35m (27.5ms)[0m  [1m[35mCREATE TABLE "galleries" ("id" serial primary key, "name" character varying NOT NULL, "city" character varying NOT NULL, "state" character varying NOT NULL, "zip" integer NOT NULL, "description" character varying)[0m
  [1m[35mSQL (0.9ms)[0m  [1m[32mINSERT INTO "schema_migrations" ("version") VALUES ($1) RETURNING "version"[0m  [["version", "20180308201406"]]
  [1m[35m (1.5ms)[0m  [1m[35mCOMMIT[0m
  [1m[36mActiveRecord::InternalMetadata Load (2.3ms)[0m  [1m[34mSELECT  "ar_internal_metadata".* FROM "ar_internal_metadata" WHERE "ar_internal_metadata"."key" = $1 LIMIT $2[0m  [["key", :environment], ["LIMIT", 1]]
  [1m[35m (0.3ms)[0m  [1m[35mBEGIN[0m
  [1m[35mSQL (2.0ms)[0m  [1m[32mINSERT INTO "ar_internal_metadata" ("key", "value", "created_at", "updated_at") VALUES ($1, $2, $3, $4) RETURNING "key"[0m  [["key", "environment"], ["value", "development"], ["created_at", 2018-03-08 20:16:03 UTC], ["updated_at", 2018-03-08 20:16:03 UTC]]
  [1m[35m (1.7ms)[0m  [1m[35mCOMMIT[0m
  [1m[35m (0.6ms)[0m  [1m[34mSELECT pg_advisory_unlock(5170893669298709835)[0m
  [1m[36mActiveRecord::SchemaMigration Load (0.4ms)[0m  [1m[34mSELECT "schema_migrations".* FROM "schema_migrations"[0m
  [1m[35m (7.7ms)[0m  [1m[34mSELECT t2.oid::regclass::text AS to_table, a1.attname AS column, a2.attname AS primary_key, c.conname AS name, c.confupdtype AS on_update, c.confdeltype AS on_delete
FROM pg_constraint c
JOIN pg_class t1 ON c.conrelid = t1.oid
JOIN pg_class t2 ON c.confrelid = t2.oid
JOIN pg_attribute a1 ON a1.attnum = c.conkey[1] AND a1.attrelid = t1.oid
JOIN pg_attribute a2 ON a2.attnum = c.confkey[1] AND a2.attrelid = t2.oid
JOIN pg_namespace t3 ON c.connamespace = t3.oid
WHERE c.contype = 'f'
  AND t1.relname = 'galleries'
  AND t3.nspname = ANY (current_schemas(false))
ORDER BY c.conname
[0m
  [1m[35m (0.4ms)[0m  [1m[34mSELECT pg_try_advisory_lock(5170893669298709835);[0m
  [1m[36mActiveRecord::SchemaMigration Load (7.1ms)[0m  [1m[34mSELECT "schema_migrations".* FROM "schema_migrations"[0m
Migrating to CreateArtPieces (20180308210440)
  [1m[35m (0.4ms)[0m  [1m[35mBEGIN[0m
  [1m[35m (22.9ms)[0m  [1m[35mCREATE TABLE "art_pieces" ("id" serial primary key, "title" character varying NOT NULL, "year" integer NOT NULL, "artist" character varying NOT NULL, "gallery_id" integer NOT NULL, "created_at" timestamp NOT NULL, "updated_at" timestamp NOT NULL)[0m
  [1m[35mSQL (0.8ms)[0m  [1m[32mINSERT INTO "schema_migrations" ("version") VALUES ($1) RETURNING "version"[0m  [["version", "20180308210440"]]
  [1m[35m (1.8ms)[0m  [1m[35mCOMMIT[0m
  [1m[36mActiveRecord::InternalMetadata Load (0.6ms)[0m  [1m[34mSELECT  "ar_internal_metadata".* FROM "ar_internal_metadata" WHERE "ar_internal_metadata"."key" = $1 LIMIT $2[0m  [["key", :environment], ["LIMIT", 1]]
  [1m[35m (0.3ms)[0m  [1m[35mBEGIN[0m
  [1m[35m (1.5ms)[0m  [1m[35mCOMMIT[0m
  [1m[35m (0.6ms)[0m  [1m[34mSELECT pg_advisory_unlock(5170893669298709835)[0m
  [1m[36mActiveRecord::SchemaMigration Load (0.8ms)[0m  [1m[34mSELECT "schema_migrations".* FROM "schema_migrations"[0m
  [1m[35m (5.0ms)[0m  [1m[34mSELECT t2.oid::regclass::text AS to_table, a1.attname AS column, a2.attname AS primary_key, c.conname AS name, c.confupdtype AS on_update, c.confdeltype AS on_delete
FROM pg_constraint c
JOIN pg_class t1 ON c.conrelid = t1.oid
JOIN pg_class t2 ON c.confrelid = t2.oid
JOIN pg_attribute a1 ON a1.attnum = c.conkey[1] AND a1.attrelid = t1.oid
JOIN pg_attribute a2 ON a2.attnum = c.confkey[1] AND a2.attrelid = t2.oid
JOIN pg_namespace t3 ON c.connamespace = t3.oid
WHERE c.contype = 'f'
  AND t1.relname = 'art_pieces'
  AND t3.nspname = ANY (current_schemas(false))
ORDER BY c.conname
[0m
  [1m[35m (3.9ms)[0m  [1m[34mSELECT t2.oid::regclass::text AS to_table, a1.attname AS column, a2.attname AS primary_key, c.conname AS name, c.confupdtype AS on_update, c.confdeltype AS on_delete
FROM pg_constraint c
JOIN pg_class t1 ON c.conrelid = t1.oid
JOIN pg_class t2 ON c.confrelid = t2.oid
JOIN pg_attribute a1 ON a1.attnum = c.conkey[1] AND a1.attrelid = t1.oid
JOIN pg_attribute a2 ON a2.attnum = c.confkey[1] AND a2.attrelid = t2.oid
JOIN pg_namespace t3 ON c.connamespace = t3.oid
WHERE c.contype = 'f'
  AND t1.relname = 'galleries'
  AND t3.nspname = ANY (current_schemas(false))
ORDER BY c.conname
[0m
Started GET "/" for ::1 at 2018-03-08 16:54:31 -0500
  [1m[36mActiveRecord::SchemaMigration Load (1.0ms)[0m  [1m[34mSELECT "schema_migrations".* FROM "schema_migrations"[0m
Processing by GalleriesController#index as HTML
  Rendering galleries/index.html.erb within layouts/application
  [1m[36mGallery Load (2.1ms)[0m  [1m[34mSELECT "galleries".* FROM "galleries"[0m
  Rendered galleries/index.html.erb within layouts/application (11.5ms)
Completed 200 OK in 528ms (Views: 502.0ms | ActiveRecord: 5.0ms)


Started GET "/galleries/new" for ::1 at 2018-03-08 16:54:35 -0500
Processing by GalleriesController#new as HTML
  Rendering galleries/new.html.erb within layouts/application
  Rendered galleries/new.html.erb within layouts/application (22.7ms)
Completed 200 OK in 92ms (Views: 70.4ms | ActiveRecord: 4.9ms)


Started POST "/galleries" for ::1 at 2018-03-08 16:54:48 -0500
Processing by GalleriesController#create as HTML
  Parameters: {"utf8"=>"✓", "authenticity_token"=>"KpYGWQVBtwZRXugM1GdW8dBn5gB3QT5+OTUFv2nsfwy7ZaexnIDFocskBImDnUfPz9K1ePEk1WiKL9N5QUPoJg==", "gallery"=>{"name"=>"thing", "city"=>"place", "state"=>"place", "zip"=>"22222", "description"=>""}, "commit"=>"Add Gallery"}
  [1m[35m (0.3ms)[0m  [1m[35mBEGIN[0m
  [1m[35mSQL (1.7ms)[0m  [1m[32mINSERT INTO "galleries" ("name", "city", "state", "zip", "description") VALUES ($1, $2, $3, $4, $5) RETURNING "id"[0m  [["name", "thing"], ["city", "place"], ["state", "place"], ["zip", 22222], ["description", ""]]
  [1m[35m (1.6ms)[0m  [1m[35mCOMMIT[0m
Redirected to http://localhost:3000/galleries/1
Completed 302 Found in 14ms (ActiveRecord: 3.6ms)


Started GET "/galleries/1" for ::1 at 2018-03-08 16:54:48 -0500
Processing by GalleriesController#show as HTML
  Parameters: {"id"=>"1"}
  [1m[36mGallery Load (0.6ms)[0m  [1m[34mSELECT  "galleries".* FROM "galleries" WHERE "galleries"."id" = $1 LIMIT $2[0m  [["id", 1], ["LIMIT", 1]]
  Rendering galleries/show.html.erb within layouts/application
  [1m[36mArtPiece Load (1.9ms)[0m  [1m[34mSELECT "art_pieces".* FROM "art_pieces" WHERE "art_pieces"."gallery_id" = $1[0m  [["gallery_id", 1]]
  Rendered galleries/show.html.erb within layouts/application (6.5ms)
Completed 200 OK in 78ms (Views: 31.7ms | ActiveRecord: 6.7ms)


Started GET "/galleries/1/art_pieces/new" for ::1 at 2018-03-08 16:54:57 -0500
Processing by ArtPiecesController#new as HTML
  Parameters: {"gallery_id"=>"1"}
  [1m[36mGallery Load (0.4ms)[0m  [1m[34mSELECT  "galleries".* FROM "galleries" WHERE "galleries"."id" = $1 LIMIT $2[0m  [["id", 1], ["LIMIT", 1]]
  Rendering art_pieces/new.html.erb within layouts/application
  Rendered art_pieces/new.html.erb within layouts/application (6.3ms)
Completed 200 OK in 57ms (Views: 30.1ms | ActiveRecord: 10.1ms)


